1 => 1621.773169 1233.859036  
2 => 2686.059339 1167.745651  
3 => 2349.983417 1386.794618  
4 => 2428.292448 1448.020441  
5 => 2490.260260 1438.505513  
6 => 2522.047514 1519.177652  
7 => 2647.049902 1844.435400  
8 => 2422.792266 1659.939656  
9 => 2337.503281 1735.451690  
10 => 2388.442109 1638.580327
11 => 2399.422966 1768.211086  
12 => 2285.264634 1688.408404  
13 => 2260.834323 1677.737272  
14 => 2411.207986 1597.872385  
15 => 2475.175245 1570.151646  
16 => 2571.566607 1763.894867  
17 => 2537.639922 1808.890556  
18 => 2263.832868 1932.119193  
19 => 2196.958917 1888.363847  
20 => 1989.308939 1926.206771  
21 => 2245.132143 1917.531906 
22 => 2391.094717 1873.537837
23 => 2485.722885 1824.200127  
24 => 2109.111524 1912.463408  
25 => 2341.709720 1898.186485  
26 => 2286.845981 1915.315016   
27 => 2366.428224 1907.910311   
28 => 2438.402095 1877.642533  
29 => 2290.454190 1912.404471  
30 => 2375.745238 1906.353041 

30 =>  
