1 => 1720.836006 1251.113169  
2 => 2686.059339 1167.745651  
3 => 2296.507085 1331.278373  
4 => 2386.411296 1391.512579  
5 => 2447.928056 1383.969309  
6 => 2435.750697 1464.153522  
7 => 2647.049902 1844.435400  
8 => 2338.284211 1557.673906  
9 => 2307.825197 1613.817920  
10 => 2344.337632 1525.369941  
11 => 2410.103320 1749.893230  
12 => 2305.648547 1657.474626  
13 => 2261.661902 1640.672431  
14 => 2405.621513 1560.669580  
15 => 2455.313974 1551.098616  
16 => 2575.156000 1705.664177  
17 => 2226.175817 1870.969413  
18 => 2221.171379 1884.626598  
19 =>  
20 =>  
