1 => 2624.853437 59.630211  
2 => 3633.264688 58.377885  
3 => 3673.175313 243.506442  
4 => 3546.586875 1141.423740  
5 => 3744.575000 305.626147  
6 => 3692.737500 955.196447  
7 => 3932.955312 48.827029  
8 => 3920.813437 82.796884  
9 => 3777.843125 680.186104  
10 => 3883.702187 73.941953  
11 => 3759.949375 374.549483  
12 => 3908.657500 79.852038  
13 => 3845.295312 178.247557  
14 => 3416.877813 740.802434  
15 => 3502.477500 260.102137  
16 => 3592.565938 670.772254  
17 => 3595.248750 666.943867  
18 => 3829.735312 70.689973  
19 => 3827.739063 48.575766  
20 => 3777.596250 118.021918  
21 => 3743.975000 114.378583  
22 => 3742.092187 81.739509  
23 => 3754.607188 57.767197  
24 => 3399.901250 925.540953  
25 => 3653.745000 690.482557  
26 => 3651.719062 661.968969  
27 => 3678.868750 663.811098  
28 => 3682.408125 664.962657  
29 =>  
30 => 3704.706250 667.299004  
