1 => 1817.229794 1228.459066  
2 => 2299.347213 1305.725536  
3 => 2410.906667 1335.608052  
4 => 2570.578065 1413.612585  
5 => 2607.585323 1357.472963  
6 => 2590.979657 1416.643790  
7 => 2498.298105 1518.696686  
8 => 2628.676087 1585.486031  
9 => 2606.261848 1614.911479  
10 => 2565.040489 1474.019677  
11 => 2567.463659 1706.042135  
12 => 2492.959951 1587.511572  
13 => 2502.285692 1651.419849  
14 => 2701.323370 1560.366327  
15 => 2664.274481 1517.289817  
16 => 2821.857697 1635.728797  
17 => 2385.117784 1769.572589  
18 => 2399.017119 1834.480310  
19 => 2331.054405 1859.925860  
20 => 2215.043663 1833.024104  
21 => 2494.594570 1876.039102  
22 => 2768.354203 1814.645256  
23 => 2700.149853 1742.212344  
24 => 2512.303577 1861.293043  
25 => 2688.373022 1816.690297  
26 => 2712.889065 1853.739100  
27 => 2775.671223 1834.788569  
28 => 2836.605255 1796.149760  
29 => 2681.668686 1852.351103  
30 =>  
