1 => 2196.246146 792.257239  
2 => 3069.107500 944.748459  
3 => 3075.084792 982.666849  
4 => 3087.964375 1162.122699  
5 => 3245.898333 1047.854517  
6 => 2763.544167 1753.578981  
7 => 2597.432708 1884.538270  
8 => 2575.545937 1868.570538  
9 => 2615.823021 1895.449413  
10 => 2585.024375 1834.933567  
11 => 2526.994896 1847.398972  
12 => 2630.898229 1865.985687  
13 => 2640.487500 1872.588705  
14 =>  
15 => 2495.519583 1787.772854  
16 => 2490.899583 1856.583637  
17 => 2547.056250 1851.424504  
18 => 2615.347604 1853.445730  
19 => 2546.259688 1854.388601  
20 => 2597.385417 1841.481939  
21 => 2592.409792 1838.575349  
22 => 2582.070000 1831.222092  
23 => 2569.381458 1822.070670  
24 => 2261.120625 1884.795703  
25 => 2517.246875 1872.108948  
26 => 2474.310417 1878.328169  
27 => 2523.706562 1871.787079  
28 => 2554.398229 1851.592243  
29 =>  
30 => 2553.731458 1853.237400  
